[[14 21 17 24  4]
 [10 16 15  9 19]
 [18  8 23 26 20]
 [22 11 13  6  5]
 [ 2  0 12  3  7]]
[[ True  True  True  True  True]
 [False False False  True False]
 [False False  True False False]
 [False  True False False  True]
 [ True  True False False  True]]
[[14 21 17 24  4]
 [10 16 15  9 19]
 [18  8 23 26 20]
 [22 11 13  6  5]
 [ 2  0 12  3  7]]
[[ True  True  True  True  True]
 [ True False False  True False]
 [False False  True False False]
 [False  True False False  True]
 [ True  True False False  True]]
[[22 13 17 11  0]
 [ 8  2 23  4 24]
 [21  9 14 16  7]
 [ 6 10  3 18  5]
 [ 1 12 20 15 19]]
[[False False  True  True  True]
 [False  True  True  True  True]
 [ True  True  True  True  True]
 [False  True False False  True]
 [False False False False False]]
[[22 13 17 11  0]
 [ 8  2 23  4 24]
 [21  9 14 16  7]
 [ 6 10  3 18  5]
 [ 1 12 20 15 19]]
[[False  True  True  True  True]
 [False  True  True  True  True]
 [ True  True  True  True  True]
 [False  True False False  True]
 [False False False False False]]
[[22 13 17 11  0]
 [ 8  2 23  4 24]
 [21  9 14 16  7]
 [ 6 10  3 18  5]
 [ 1 12 20 15 19]]
[[False  True  True  True  True]
 [False  True  True  True  True]
 [ True  True  True  True  True]
 [ True  True False False  True]
 [False False False False False]]
[[22 13 17 11  0]
 [ 8  2 23  4 24]
 [21  9 14 16  7]
 [ 6 10  3 18  5]
 [ 1 12 20 15 19]]
[[False  True  True  True  True]
 [False  True  True  True  True]
 [ True  True  True  True  True]
 [ True  True False False  True]
 [False False False  True False]]
[[22 13 17 11  0]
 [ 8  2 23  4 24]
 [21  9 14 16  7]
 [ 6 10  3 18  5]
 [ 1 12 20 15 19]]
[[False  True  True  True  True]
 [False  True  True  True  True]
 [ True  True  True  True  True]
 [ True  True False False  True]
 [False False False  True False]]
[[22 13 17 11  0]
 [ 8  2 23  4 24]
 [21  9 14 16  7]
 [ 6 10  3 18  5]
 [ 1 12 20 15 19]]
[[False  True  True  True  True]
 [False  True  True  True  True]
 [ True  True  True  True  True]
 [ True  True False False  True]
 [False  True False  True False]]
[[22 13 17 11  0]
 [ 8  2 23  4 24]
 [21  9 14 16  7]
 [ 6 10  3 18  5]
 [ 1 12 20 15 19]]
[[ True  True  True  True  True]
 [False  True  True  True  True]
 [ True  True  True  True  True]
 [ True  True False False  True]
 [False  True False  True False]]
[[22 13 17 11  0]
 [ 8  2 23  4 24]
 [21  9 14 16  7]
 [ 6 10  3 18  5]
 [ 1 12 20 15 19]]
[[ True  True  True  True  True]
 [False  True  True  True  True]
 [ True  True  True  True  True]
 [ True  True False  True  True]
 [False  True False  True False]]
[[22 13 17 11  0]
 [ 8  2 23  4 24]
 [21  9 14 16  7]
 [ 6 10  3 18  5]
 [ 1 12 20 15 19]]
[[ True  True  True  True  True]
 [False  True  True  True  True]
 [ True  True  True  True  True]
 [ True  True False  True  True]
 [False  True  True  True False]]
[[22 13 17 11  0]
 [ 8  2 23  4 24]
 [21  9 14 16  7]
 [ 6 10  3 18  5]
 [ 1 12 20 15 19]]
[[ True  True  True  True  True]
 [ True  True  True  True  True]
 [ True  True  True  True  True]
 [ True  True False  True  True]
 [False  True  True  True False]]
[[22 13 17 11  0]
 [ 8  2 23  4 24]
 [21  9 14 16  7]
 [ 6 10  3 18  5]
 [ 1 12 20 15 19]]
[[ True  True  True  True  True]
 [ True  True  True  True  True]
 [ True  True  True  True  True]
 [ True  True False  True  True]
 [False  True  True  True  True]]
[[22 13 17 11  0]
 [ 8  2 23  4 24]
 [21  9 14 16  7]
 [ 6 10  3 18  5]
 [ 1 12 20 15 19]]
[[ True  True  True  True  True]
 [ True  True  True  True  True]
 [ True  True  True  True  True]
 [ True  True  True  True  True]
 [False  True  True  True  True]]
[[22 13 17 11  0]
 [ 8  2 23  4 24]
 [21  9 14 16  7]
 [ 6 10  3 18  5]
 [ 1 12 20 15 19]]
[[ True  True  True  True  True]
 [ True  True  True  True  True]
 [ True  True  True  True  True]
 [ True  True  True  True  True]
 [False  True  True  True  True]]
[[14 21 17 24  4]
 [10 16 15  9 19]
 [18  8 23 26 20]
 [22 11 13  6  5]
 [ 2  0 12  3  7]]
[[ True  True  True  True  True]
 [ True False False  True False]
 [False False  True False False]
 [False  True False False  True]
 [ True  True False False  True]]
178
